[2026-07-01 03:39:38] username=admin found=yes verified=no hash=$2y$10$/0Q
[2026-07-01 03:40:39] username=admin found=yes verified=no hash=$2y$10$/0Q
[2026-07-01 03:41:18] username=admin found=yes verified=no hash=$2y$10$/0Q
[2026-07-01 03:46:36] username=admin found=yes verified=no hash=$2y$10$/0Q
[2026-07-01 03:46:57] username=admin found=yes verified=no hash=$2y$10$/0Q
[2026-07-01 03:53:49] username=admin found=yes verified=yes hash=$2y$10$CyK
[2026-07-01 03:54:09] username=admin found=yes verified=yes hash=$2y$10$CyK
[2026-07-02 08:39:21] username=admin found=yes verified=yes hash=$2y$10$CyK
[2026-07-02 08:59:16] username=admin found=yes verified=yes hash=$2y$10$CyK
[2026-07-05 08:42:23] username=admin@arunika.co found=no verified=no hash=
[2026-07-05 08:43:18] username=admin found=yes verified=yes hash=$2y$10$CyK
[2026-07-05 08:49:07] username=admin@arunika.co found=no verified=no hash=
[2026-07-05 08:49:36] username=admin found=yes verified=yes hash=$2y$10$CyK
[2026-07-05 09:06:12] username=admin found=yes verified=yes hash=$2y$10$CyK
[2026-07-05 11:02:01] username=admin found=yes verified=yes hash=$2y$10$CyK
[2026-07-05 15:14:29] username=admin found=yes verified=no hash=$2y$10$CyK
[2026-07-05 15:14:31] username=admin@arunika.co found=no verified=no hash=
[2026-07-05 15:14:32] username=admin@arunika.co found=no verified=no hash=
[2026-07-05 15:14:32] username=admin@arunika.co found=no verified=no hash=
[2026-07-05 15:14:43] username=admin found=yes verified=yes hash=$2y$10$CyK
[2026-07-05 15:24:22] username=admin found=yes verified=yes hash=$2y$10$07k
[2026-07-05 15:25:10] username=johndoe found=yes verified=no hash=$2y$10$/0Q
[2026-07-05 15:25:26] username=johndoe found=yes verified=no hash=$2y$10$/0Q
[2026-07-05 15:25:27] username=admin@arunika.co found=no verified=no hash=
[2026-07-05 15:25:36] username=johndoe found=yes verified=no hash=$2y$10$/0Q
[2026-07-05 15:28:24] username=johndoe found=yes verified=yes hash=$2y$10$/0Q
[2026-07-05 15:28:54] username=admin found=yes verified=yes hash=$2y$10$07k
